# 数据同步日志文件
# 此文件将记录数据同步的详细信息 INFO 2025-06-22 18:36:19,330 scheduler 27324 10456 ͬʱÿ30ִһ
INFO 2025-06-22 18:36:19,331 scheduler 27324 10456 ʱִгʼͬ...
INFO 2025-06-22 18:36:20,528 scheduler 27324 10456 ʼͬ
INFO 2025-06-22 18:58:31,953 scheduler 27324 10456 ͬʱֹͣ
INFO 2025-06-22 18:58:33,151 scheduler 22872 20144 ͬʱÿ30ִһ
INFO 2025-06-22 18:58:33,152 scheduler 22872 20144 ʱִгʼͬ...
INFO 2025-06-22 18:58:33,542 scheduler 22872 20144 ʼͬ
INFO 2025-06-22 18:58:50,129 scheduler 22872 20144 ͬʱֹͣ
INFO 2025-06-22 18:58:51,264 scheduler 21820 21900 ͬʱÿ30ִһ
INFO 2025-06-22 18:58:51,273 scheduler 21820 21900 ʱִгʼͬ...
INFO 2025-06-22 18:58:51,710 scheduler 21820 21900 ʼͬ
INFO 2025-06-22 19:00:19,897 scheduler 21820 21900 ͬʱֹͣ
INFO 2025-06-22 19:00:21,120 scheduler 10068 14580 ͬʱÿ30ִһ
INFO 2025-06-22 19:00:21,120 scheduler 10068 14580 ʱִгʼͬ...
INFO 2025-06-22 19:00:21,569 scheduler 10068 14580 ʼͬ
INFO 2025-06-22 19:01:34,418 scheduler 10068 14580 ͬʱֹͣ
INFO 2025-06-22 19:03:37,696 scheduler 26692 25368 ͬʱÿ30ִһ
INFO 2025-06-22 19:03:37,696 scheduler 26692 25368 ʱִгʼͬ...
INFO 2025-06-22 19:03:38,095 scheduler 26692 25368 ʼͬ
INFO 2025-06-22 19:04:02,038 scheduler 26692 25368 ͬʱֹͣ
INFO 2025-06-22 19:05:35,008 scheduler 24960 25632 ͬʱÿ30ִһ
INFO 2025-06-22 19:05:35,009 scheduler 24960 25632 ʱִгʼͬ...
INFO 2025-06-22 19:05:42,978 scheduler 24960 25632 ʼͬ
INFO 2025-06-22 19:09:24,382 scheduler 24960 25632 ͬʱֹͣ
INFO 2025-06-22 19:09:25,617 scheduler 8752 25244 ͬʱÿ30ִһ
INFO 2025-06-22 19:09:25,617 scheduler 8752 25244 ʱִгʼͬ...
INFO 2025-06-22 19:09:27,622 scheduler 8752 25244 ʼͬ
INFO 2025-06-22 19:09:35,392 scheduler 8752 25244 ͬʱֹͣ
INFO 2025-06-22 19:09:36,495 scheduler 26880 22928 ͬʱÿ30ִһ
INFO 2025-06-22 19:09:36,495 scheduler 26880 22928 ʱִгʼͬ...
INFO 2025-06-22 19:09:39,290 scheduler 26880 22928 ʼͬ
INFO 2025-06-22 19:09:46,166 scheduler 26880 22928 ͬʱֹͣ
INFO 2025-06-22 19:09:47,336 scheduler 26224 28620 ͬʱÿ30ִһ
INFO 2025-06-22 19:09:47,336 scheduler 26224 28620 ʱִгʼͬ...
INFO 2025-06-22 19:09:50,844 scheduler 26224 28620 ʼͬ
INFO 2025-06-22 19:09:56,521 scheduler 26224 28620 ͬʱֹͣ
INFO 2025-06-22 19:09:58,010 scheduler 18896 17956 ͬʱÿ30ִһ
INFO 2025-06-22 19:09:58,010 scheduler 18896 17956 ʱִгʼͬ...
INFO 2025-06-22 19:09:58,968 scheduler 18896 17956 ʼͬ
INFO 2025-06-22 19:10:08,156 scheduler 18896 17956 ͬʱֹͣ
INFO 2025-06-22 19:10:09,557 scheduler 25892 10008 ͬʱÿ30ִһ
INFO 2025-06-22 19:10:09,557 scheduler 25892 10008 ʱִгʼͬ...
INFO 2025-06-22 19:10:10,589 scheduler 25892 10008 ʼͬ
INFO 2025-06-22 19:12:50,228 scheduler 25892 10008 ͬʱֹͣ
INFO 2025-06-22 19:12:51,385 scheduler 2332 27016 ͬʱÿ30ִһ
INFO 2025-06-22 19:12:51,386 scheduler 2332 27016 ʱִгʼͬ...
INFO 2025-06-22 19:12:52,228 scheduler 2332 27016 ʼͬ
INFO 2025-06-22 19:14:22,860 scheduler 2332 27016 ͬʱֹͣ
INFO 2025-06-22 19:14:24,066 scheduler 22612 19308 ͬʱÿ30ִһ
INFO 2025-06-22 19:14:24,066 scheduler 22612 19308 ʱִгʼͬ...
INFO 2025-06-22 19:14:25,098 scheduler 22612 19308 ʼͬ
INFO 2025-06-22 19:14:31,988 scheduler 22612 19308 ͬʱֹͣ
INFO 2025-06-22 19:14:33,169 scheduler 17964 10064 ͬʱÿ30ִһ
INFO 2025-06-22 19:14:33,170 scheduler 17964 10064 ʱִгʼͬ...
INFO 2025-06-22 19:14:34,783 scheduler 17964 10064 ʼͬ
INFO 2025-06-22 19:15:38,443 scheduler 17964 10064 ͬʱֹͣ
INFO 2025-06-22 19:15:42,510 scheduler 24624 27352 ͬʱÿ30ִһ
INFO 2025-06-22 19:15:42,510 scheduler 24624 27352 ʱִгʼͬ...
INFO 2025-06-22 19:15:43,464 scheduler 24624 27352 ʼͬ
INFO 2025-06-22 19:45:35,459 scheduler 24624 27352 ͬʱֹͣ
